*** Start analyzing build configuration ***
*** List of included argument files ***
    Build configuration file:  /home/student/kcislo/VDIC/.dvt/lab01.build
    -F /home/student/kcislo/VDIC/lab01/mtm_dut.f
    -F /home/student/kcislo/VDIC/lab01/mtm_tb.f
*** Done analyzing build configuration [7 ms] ***

*** Start VHDL build ***
*** Done parsing [115.0 ms] ***
*** Total number of lines [0] ***
Performing post full build step 1 (VHDL - RU) [7 ms] ...
*** Done VHDL build [124 ms] ***

*** Start SystemVerilog build ***
*** Invocation #1***
Loading (1) /home/student/kcislo/VDIC/lab01/mtm_Alu.vp ...
Done /home/student/kcislo/VDIC/lab01/mtm_Alu.vp [15 ms, 474 lines, SystemVerilog_2012] ...
Loading (2) /home/student/kcislo/VDIC/lab01/mtm_tb.sv ...
Done /home/student/kcislo/VDIC/lab01/mtm_tb.sv [1 ms, 2 lines, SystemVerilog_2012] ...
*** Done invocation #1 [14 ms] ***
*** Done parsing [LT 3.0 ms, PT 14.0 ms] ***
*** Total number of lines [476] ***
Performing post full build actions ...
Performing post full build step 1 (SRI) [0 ms] ...
Performing post full build step 2 (RI) [0 ms] ...
Performing post full build step 3 (RCP) [0 ms] ...
*** Done SystemVerilog build [19 ms] ***

*** Start mixed mode extension build ***
Performing mixed post full build step 1 (VHDL - RU) [7 ms] ...
Performing mixed post full build step 2 (VHDL - RT) [50 ms] ...
Performing mixed post full build step 3 (VHDL - RD) [5 ms] ...
Performing mixed post full build step 4 (VHDL - FSC) [54 ms] ...
Performing mixed post full build step 5 (VHDL - RPC) [0 ms] ...
Performing mixed post full build step 6 (VHDL - US) [0 ms] ...
Performing mixed post full build step 7 (VHDL - USBD) [51 ms] ...
Performing mixed post full build step 1 (Verilog - RI) [0 ms] ...
Performing mixed post full build step 2 (Verilog - RC) [1 ms] ...
Performing mixed post full build step 3 (Verilog - RPC) [2 ms] ...
Performing mixed post full build step 4 (Verilog - RD) [0 ms] ...
Performing mixed post full build step 5 (Verilog - FSC) [54 ms] ...
Performing mixed post full build step 6 (Verilog - EV) [52 ms] ...
Performing mixed post full build step 7 (Verilog - US) [51 ms] ...
*** Done mixed mode extension build [394 ms] ***
*** Start adding/validating the DVT Auto-Linked resources ***
*** Done adding/validating the DVT Auto-Linked resources [1 ms] ***
*** Total build time [546 ms] ***
