TOOL:	xrun	19.09-s003: Started on Oct 27, 2020 at 19:32:06 CET
xrun
	-compile
	-l xrun_compile.log
	-f mtm_dut.f
		mtm_Alu.vp
	-f mtm_tb.f
		alu_tb.sv
	-v93
	+nowarnDSEM2009
	+nowarnDSEMEL
	+nowarnCGDEFN
	-xmlibdirname INCA_libs_gui
	+access+r
	+gui
	+overwrite
	-nocopyright
	-coverage all
	-covoverwrite
	-covfile xrun_covfile.txt
file: mtm_Alu.vp
	module worklib.mtm_Alu:vp
		errors: 0, warnings: 0
		errors: 0, warnings: 0
		errors: 0, warnings: 0
		errors: 0, warnings: 0
file: alu_tb.sv
	module worklib.top:sv
		errors: 0, warnings: 0
TOOL:	xrun	19.09-s003: Exiting on Oct 27, 2020 at 19:32:06 CET  (total: 00:00:00)
